> Task :compileJava UP-TO-DATE
> Task :processResources UP-TO-DATE
> Task :classes UP-TO-DATE
> Task :resolveMainClassName

> Task :bootRun

  .   ____          _            __ _ _
 /\\ / ___'_ __ _ _(_)_ __  __ _ \ \ \ \
( ( )\___ | '_ | '_| | '_ \/ _` | \ \ \ \
 \\/  ___)| |_)| | | | | || (_| |  ) ) ) )
  '  |____| .__|_| |_|_| |_\__, | / / / /
 =========|_|==============|___/=/_/_/_/

 :: Spring Boot ::                (v4.0.6)

2026-06-12T00:36:29.312+05:00  INFO 18372 --- [Balgyn801] [           main] com.nurba.java.Balgyn801Application      : Starting Balgyn801Application using Java 21.0.11 with PID 18372 (C:\Users\Disa\Desktop\Balgyn801-main\build\classes\java\main started by Disa in C:\Users\Disa\Desktop\Balgyn801-main)
2026-06-12T00:36:29.314+05:00  INFO 18372 --- [Balgyn801] [           main] com.nurba.java.Balgyn801Application      : The following 1 profile is active: "default"
2026-06-12T00:36:29.991+05:00  INFO 18372 --- [Balgyn801] [           main] .s.d.r.c.RepositoryConfigurationDelegate : Bootstrapping Spring Data JPA repositories in DEFAULT mode.
2026-06-12T00:36:30.082+05:00  INFO 18372 --- [Balgyn801] [           main] .s.d.r.c.RepositoryConfigurationDelegate : Finished Spring Data repository scanning in 85 ms. Found 26 JPA repository interfaces.
2026-06-12T00:36:30.548+05:00  INFO 18372 --- [Balgyn801] [           main] o.s.boot.tomcat.TomcatWebServer          : Tomcat initialized with port 8080 (http)
2026-06-12T00:36:30.560+05:00  INFO 18372 --- [Balgyn801] [           main] o.apache.catalina.core.StandardService   : Starting service [Tomcat]
2026-06-12T00:36:30.560+05:00  INFO 18372 --- [Balgyn801] [           main] o.apache.catalina.core.StandardEngine    : Starting Servlet engine: [Apache Tomcat/11.0.21]
2026-06-12T00:36:30.606+05:00  INFO 18372 --- [Balgyn801] [           main] b.w.c.s.WebApplicationContextInitializer : Root WebApplicationContext: initialization completed in 1254 ms
2026-06-12T00:36:30.818+05:00  INFO 18372 --- [Balgyn801] [           main] com.zaxxer.hikari.HikariDataSource       : HikariPool-1 - Starting...
2026-06-12T00:36:30.948+05:00  INFO 18372 --- [Balgyn801] [           main] com.zaxxer.hikari.pool.HikariPool        : HikariPool-1 - Added connection org.postgresql.jdbc.PgConnection@21b744ec
2026-06-12T00:36:30.949+05:00  INFO 18372 --- [Balgyn801] [           main] com.zaxxer.hikari.HikariDataSource       : HikariPool-1 - Start completed.
2026-06-12T00:36:30.968+05:00  INFO 18372 --- [Balgyn801] [           main] org.flywaydb.core.FlywayExecutor         : Database: jdbc:postgresql://localhost:5432/balgynbol-spring (PostgreSQL 18.4)
2026-06-12T00:36:31.020+05:00  INFO 18372 --- [Balgyn801] [           main] o.f.core.internal.command.DbValidate     : Successfully validated 17 migrations (execution time 00:00.029s)
2026-06-12T00:36:31.057+05:00  INFO 18372 --- [Balgyn801] [           main] o.f.core.internal.command.DbMigrate      : Current version of schema "public": 17
2026-06-12T00:36:31.060+05:00  INFO 18372 --- [Balgyn801] [           main] o.f.core.internal.command.DbMigrate      : Schema "public" is up to date. No migration necessary.
2026-06-12T00:36:31.151+05:00  INFO 18372 --- [Balgyn801] [           main] org.hibernate.orm.jpa                    : HHH008540: Processing PersistenceUnitInfo [name: default]
2026-06-12T00:36:31.227+05:00  INFO 18372 --- [Balgyn801] [           main] org.hibernate.orm.core                   : HHH000001: Hibernate ORM core version 7.2.12.Final
2026-06-12T00:36:31.631+05:00  INFO 18372 --- [Balgyn801] [           main] o.s.o.j.p.SpringPersistenceUnitInfo      : No LoadTimeWeaver setup: ignoring JPA class transformer
2026-06-12T00:36:31.729+05:00  INFO 18372 --- [Balgyn801] [           main] org.hibernate.orm.connections.pooling    : HHH10001005: Database info:
	Database JDBC URL [jdbc:postgresql://localhost:5432/balgynbol-spring]
	Database driver: PostgreSQL JDBC Driver
	Database dialect: PostgreSQLDialect
	Database version: 18.4
	Default catalog/schema: balgynbol-spring/public
	Autocommit mode: undefined/unknown
	Isolation level: READ_COMMITTED [default READ_COMMITTED]
	JDBC fetch size: none
	Pool: DataSourceConnectionProvider
	Minimum pool size: undefined/unknown
	Maximum pool size: undefined/unknown
2026-06-12T00:36:31.909+05:00  WARN 18372 --- [Balgyn801] [           main] org.hibernate.orm.deprecation            : HHH90000033: Encountered use of deprecated annotation [interface jakarta.persistence.Temporal] at com.nurba.java.domain.OrderHistory.dateAdded.
2026-06-12T00:36:32.775+05:00  INFO 18372 --- [Balgyn801] [           main] org.hibernate.orm.core                   : HHH000489: No JTA platform available (set 'hibernate.transaction.jta.platform' to enable JTA platform integration)
2026-06-12T00:36:32.820+05:00  INFO 18372 --- [Balgyn801] [           main] j.LocalContainerEntityManagerFactoryBean : Initialized JPA EntityManagerFactory for persistence unit 'default'
2026-06-12T00:36:32.866+05:00  INFO 18372 --- [Balgyn801] [           main] o.s.d.j.r.query.QueryEnhancerFactories   : Hibernate is in classpath; If applicable, HQL parser will be used.
2026-06-12T00:36:33.592+05:00  INFO 18372 --- [Balgyn801] [           main] eAuthenticationProviderManagerConfigurer : Global AuthenticationManager configured with AuthenticationProvider bean with name authenticationProvider
2026-06-12T00:36:33.593+05:00  WARN 18372 --- [Balgyn801] [           main] r$InitializeUserDetailsManagerConfigurer : Global AuthenticationManager configured with an AuthenticationProvider bean. UserDetailsService beans will not be used by Spring Security for automatically configuring username/password login. Consider removing the AuthenticationProvider bean. Alternatively, consider using the UserDetailsService in a manually instantiated DaoAuthenticationProvider. If the current configuration is intentional, to turn off this warning, increase the logging level of 'org.springframework.security.config.annotation.authentication.configuration.InitializeUserDetailsBeanManagerConfigurer' to ERROR
2026-06-12T00:36:34.129+05:00  WARN 18372 --- [Balgyn801] [           main] JpaBaseConfiguration$JpaWebConfiguration : spring.jpa.open-in-view is enabled by default. Therefore, database queries may be performed during view rendering. Explicitly configure spring.jpa.open-in-view to disable this warning
2026-06-12T00:36:34.687+05:00  WARN 18372 --- [Balgyn801] [           main] ConfigServletWebServerApplicationContext : Exception encountered during context initialization - cancelling refresh attempt: org.springframework.context.ApplicationContextException: Failed to start bean 'webServerStartStop'
2026-06-12T00:36:34.691+05:00  INFO 18372 --- [Balgyn801] [           main] j.LocalContainerEntityManagerFactoryBean : Closing JPA EntityManagerFactory for persistence unit 'default'
2026-06-12T00:36:34.692+05:00  INFO 18372 --- [Balgyn801] [           main] com.zaxxer.hikari.HikariDataSource       : HikariPool-1 - Shutdown initiated...
2026-06-12T00:36:34.694+05:00  INFO 18372 --- [Balgyn801] [           main] com.zaxxer.hikari.HikariDataSource       : HikariPool-1 - Shutdown completed.
2026-06-12T00:36:34.705+05:00  INFO 18372 --- [Balgyn801] [           main] .s.b.a.l.ConditionEvaluationReportLogger : 

Error starting ApplicationContext. To display the condition evaluation report re-run your application with 'debug' enabled.
2026-06-12T00:36:34.716+05:00 ERROR 18372 --- [Balgyn801] [           main] o.s.b.d.LoggingFailureAnalysisReporter   : 

***************************
APPLICATION FAILED TO START
***************************

Description:

Web server failed to start. Port 8080 was already in use.

Action:

Identify and stop the process that's listening on port 8080 or configure this application to listen on another port.


> Task :bootRun FAILED

FAILURE: Build failed with an exception.

* What went wrong:
Execution failed for task ':bootRun'.
> Process 'command 'C:\Users\Disa\.jdks\ms-21.0.11\bin\java.exe'' finished with non-zero exit value 1

* Try:
> Run with --stacktrace option to get the stack trace.
> Run with --info or --debug option to get more log output.
> Run with --scan to get full insights from a Build Scan (powered by Develocity).
> Get more help at https://help.gradle.org.

BUILD FAILED in 9s
4 actionable tasks: 2 executed, 2 up-to-date
